[ 2015-01-28T23:22:47+08:00 ] 127.0.0.1 /boke/
INFO: [ app_begin ] --START--
INFO: Run ReadHtmlCache Behavior [ RunTime:0.002000s ]
INFO: [ app_begin ] --END-- [ RunTime:0.002000s ]
INFO: [ view_parse ] --START--
INFO: Run ParseTemplate Behavior [ RunTime:0.004000s ]
INFO: [ view_parse ] --END-- [ RunTime:0.004000s ]
INFO: [ view_filter ] --START--
INFO: Run ContentReplace Behavior [ RunTime:0.001000s ]
INFO: Run TokenBuild Behavior [ RunTime:0.002000s ]
INFO: Run WriteHtmlCache Behavior [ RunTime:0.001001s ]
INFO: Run ShowRuntime Behavior [ RunTime:0.002000s ]
INFO: [ view_filter ] --END-- [ RunTime:0.006001s ]
INFO: [ view_end ] --START--
INFO: Run ShowPageTrace Behavior [ RunTime:0.001000s ]
INFO: [ view_end ] --END-- [ RunTime:0.002000s ]

[ 2015-01-28T23:33:24+08:00 ] ERR: (ThinkException) 无法加载模块:Admin
[ 2015-01-28T23:33:25+08:00 ] ERR: (ThinkException) 无法加载模块:Admin
[ 2015-01-28T23:38:33+08:00 ] ERR: (ThinkException) 无法加载模块:Admin
[ 2015-01-28T23:38:53+08:00 ] ERR: (ThinkException) 无法加载模块:Admin
